{"C:\\Users\\Jorge Luiz\\Desktop\\Ignite-Exercícios\\ignite-template-reactjs-conceitos-do-react\\src\\components\\TaskList.tsx": {"path":"C:\\Users\\Jorge Luiz\\Desktop\\Ignite-Exercícios\\ignite-template-reactjs-conceitos-do-react\\src\\components\\TaskList.tsx","statementMap":{"0":{"start":{"line":14,"column":28},"end":{"line":14,"column":48}},"1":{"start":{"line":15,"column":42},"end":{"line":15,"column":54}},"2":{"start":{"line":18,"column":4},"end":{"line":18,"column":36}},"3":{"start":{"line":18,"column":29},"end":{"line":18,"column":36}},"4":{"start":{"line":20,"column":20},"end":{"line":24,"column":5}},"5":{"start":{"line":26,"column":4},"end":{"line":26,"column":34}},"6":{"start":{"line":27,"column":4},"end":{"line":27,"column":24}},"7":{"start":{"line":32,"column":22},"end":{"line":40,"column":6}},"8":{"start":{"line":33,"column":6},"end":{"line":38,"column":7}},"9":{"start":{"line":34,"column":8},"end":{"line":37,"column":10}},"10":{"start":{"line":39,"column":6},"end":{"line":39,"column":18}},"11":{"start":{"line":42,"column":4},"end":{"line":42,"column":23}},"12":{"start":{"line":46,"column":21},"end":{"line":46,"column":57}},"13":{"start":{"line":46,"column":42},"end":{"line":46,"column":56}},"14":{"start":{"line":48,"column":4},"end":{"line":48,"column":23}},"15":{"start":{"line":51,"column":2},"end":{"line":95,"column":3}},"16":{"start":{"line":60,"column":29},"end":{"line":60,"column":60}},"17":{"start":{"line":72,"column":12},"end":{"line":89,"column":17}},"18":{"start":{"line":79,"column":35},"end":{"line":79,"column":70}},"19":{"start":{"line":86,"column":84},"end":{"line":86,"column":109}}},"fnMap":{"0":{"name":"TaskList","decl":{"start":{"line":13,"column":16},"end":{"line":13,"column":24}},"loc":{"start":{"line":13,"column":27},"end":{"line":96,"column":1}},"line":13},"1":{"name":"handleCreateNewTask","decl":{"start":{"line":17,"column":11},"end":{"line":17,"column":30}},"loc":{"start":{"line":17,"column":33},"end":{"line":28,"column":3}},"line":17},"2":{"name":"handleToggleTaskCompletion","decl":{"start":{"line":31,"column":11},"end":{"line":31,"column":37}},"loc":{"start":{"line":31,"column":50},"end":{"line":43,"column":3}},"line":31},"3":{"name":"(anonymous_3)","decl":{"start":{"line":32,"column":32},"end":{"line":32,"column":33}},"loc":{"start":{"line":32,"column":40},"end":{"line":40,"column":5}},"line":32},"4":{"name":"handleRemoveTask","decl":{"start":{"line":45,"column":11},"end":{"line":45,"column":27}},"loc":{"start":{"line":45,"column":40},"end":{"line":49,"column":3}},"line":45},"5":{"name":"(anonymous_5)","decl":{"start":{"line":46,"column":34},"end":{"line":46,"column":35}},"loc":{"start":{"line":46,"column":42},"end":{"line":46,"column":56}},"line":46},"6":{"name":"(anonymous_6)","decl":{"start":{"line":60,"column":22},"end":{"line":60,"column":23}},"loc":{"start":{"line":60,"column":29},"end":{"line":60,"column":60}},"line":60},"7":{"name":"(anonymous_7)","decl":{"start":{"line":71,"column":21},"end":{"line":71,"column":22}},"loc":{"start":{"line":72,"column":12},"end":{"line":89,"column":17}},"line":72},"8":{"name":"(anonymous_8)","decl":{"start":{"line":79,"column":29},"end":{"line":79,"column":30}},"loc":{"start":{"line":79,"column":35},"end":{"line":79,"column":70}},"line":79},"9":{"name":"(anonymous_9)","decl":{"start":{"line":86,"column":78},"end":{"line":86,"column":79}},"loc":{"start":{"line":86,"column":84},"end":{"line":86,"column":109}},"line":86}},"branchMap":{"0":{"loc":{"start":{"line":18,"column":4},"end":{"line":18,"column":36}},"type":"if","locations":[{"start":{"line":18,"column":4},"end":{"line":18,"column":36}},{"start":{"line":18,"column":4},"end":{"line":18,"column":36}}],"line":18},"1":{"loc":{"start":{"line":33,"column":6},"end":{"line":38,"column":7}},"type":"if","locations":[{"start":{"line":33,"column":6},"end":{"line":38,"column":7}},{"start":{"line":33,"column":6},"end":{"line":38,"column":7}}],"line":33},"2":{"loc":{"start":{"line":73,"column":30},"end":{"line":73,"column":64}},"type":"cond-expr","locations":[{"start":{"line":73,"column":48},"end":{"line":73,"column":59}},{"start":{"line":73,"column":62},"end":{"line":73,"column":64}}],"line":73}},"s":{"0":20,"1":20,"2":8,"3":1,"4":7,"5":7,"6":7,"7":1,"8":2,"9":1,"10":1,"11":1,"12":1,"13":2,"14":1,"15":20,"16":7,"17":16,"18":1,"19":1},"f":{"0":20,"1":8,"2":1,"3":2,"4":1,"5":2,"6":7,"7":16,"8":1,"9":1},"b":{"0":[1,7],"1":[1,1],"2":[1,15]},"_coverageSchema":"1a1c01bbd47fc00a2c39e90264f33305004495a9","hash":"529e63154f78affb0df97a4279c9ab3010c4e142"}
}
