TN:
SF:src\components\TaskList.tsx
FN:13,TaskList
FN:17,handleCreateNewTask
FN:31,handleToggleTaskCompletion
FN:32,(anonymous_3)
FN:45,handleRemoveTask
FN:46,(anonymous_5)
FN:60,(anonymous_6)
FN:71,(anonymous_7)
FN:79,(anonymous_8)
FN:86,(anonymous_9)
FNF:10
FNH:10
FNDA:20,TaskList
FNDA:8,handleCreateNewTask
FNDA:1,handleToggleTaskCompletion
FNDA:2,(anonymous_3)
FNDA:1,handleRemoveTask
FNDA:2,(anonymous_5)
FNDA:7,(anonymous_6)
FNDA:16,(anonymous_7)
FNDA:1,(anonymous_8)
FNDA:1,(anonymous_9)
DA:14,20
DA:15,20
DA:18,8
DA:20,7
DA:26,7
DA:27,7
DA:32,1
DA:33,2
DA:34,1
DA:39,1
DA:42,1
DA:46,2
DA:48,1
DA:51,20
DA:60,7
DA:72,16
DA:79,1
DA:86,1
LF:18
LH:18
BRDA:18,0,0,1
BRDA:18,0,1,7
BRDA:33,1,0,1
BRDA:33,1,1,1
BRDA:73,2,0,1
BRDA:73,2,1,15
BRF:6
BRH:6
end_of_record
